[19:11:48] [main/INFO] (FabricLoader/GameProvider) Loading Minecraft 1.20.1 with Fabric Loader 0.14.22
[19:11:49] [main/INFO] (FabricLoader) Loading 43 mods:
	- fabric-api 0.87.0+1.20.1
	- fabric-api-base 0.4.30+7abfd51577
	- fabric-api-lookup-api-v1 1.6.35+4d8536c977
	- fabric-biome-api-v1 13.0.10+b3afc78b77
	- fabric-block-api-v1 1.0.9+e022e5d177
	- fabric-command-api-v1 1.2.33+f71b366f77
	- fabric-command-api-v2 2.2.12+b3afc78b77
	- fabric-commands-v0 0.2.50+df3654b377
	- fabric-containers-v0 0.1.63+df3654b377
	- fabric-content-registries-v0 4.0.9+b3afc78b77
	- fabric-convention-tags-v1 1.5.4+a1a980da77
	- fabric-crash-report-info-v1 0.2.18+aeb40ebe77
	- fabric-data-generation-api-v1 12.2.2+1e61dba177
	- fabric-dimensions-v1 2.1.53+8536527b77
	- fabric-entity-events-v1 1.5.22+b3afc78b77
	- fabric-events-interaction-v0 0.6.1+e91849a877
	- fabric-events-lifecycle-v0 0.2.62+df3654b377
	- fabric-game-rule-api-v1 1.0.38+b04edc7a77
	- fabric-gametest-api-v1 1.2.12+b3afc78b77
	- fabric-item-api-v1 2.1.27+b3afc78b77
	- fabric-item-group-api-v1 4.0.10+23d9108177
	- fabric-lifecycle-events-v1 2.2.21+b3afc78b77
	- fabric-loot-api-v2 1.1.39+b3afc78b77
	- fabric-loot-tables-v1 1.1.43+9e7660c677
	- fabric-message-api-v1 5.1.7+3265161977
	- fabric-mining-level-api-v1 2.1.49+b3afc78b77
	- fabric-networking-api-v1 1.3.10+eeb8eb3677
	- fabric-networking-v0 0.3.50+df3654b377
	- fabric-object-builder-api-v1 11.1.1+6beca84877
	- fabric-particles-v1 1.1.1+201a23a077
	- fabric-recipe-api-v1 1.0.20+b3afc78b77
	- fabric-registry-sync-v0 2.3.2+4df89eb277
	- fabric-rendering-data-attachment-v1 0.3.34+b3afc78b77
	- fabric-rendering-fluids-v1 3.0.27+b3afc78b77
	- fabric-resource-conditions-api-v1 2.3.5+ea08f9d877
	- fabric-resource-loader-v0 0.11.9+132c48c177
	- fabric-screen-handler-api-v1 1.3.29+b3afc78b77
	- fabric-transfer-api-v1 3.3.0+cdf060b277
	- fabric-transitive-access-wideners-v1 4.3.0+6c31357e77
	- fabricloader 0.14.22
	- java 17
	- minecraft 1.20.1
	- villagepillagearise 0.1.1
[19:11:49] [main/INFO] (FabricLoader/Mixin) SpongePowered MIXIN Subsystem Version=0.8.5 Source=file:/C:/Users/vanek/.gradle/caches/modules-2/files-2.1/net.fabricmc/sponge-mixin/0.12.5+mixin.0.8.5/8d31fb97c3e0cd7c8dad3441851c523bcfae6d8e/sponge-mixin-0.12.5+mixin.0.8.5.jar Service=Knot/Fabric Env=SERVER
[19:11:49] [main/INFO] (FabricLoader/Mixin) Loaded Fabric development mappings for mixin remapper!
[19:11:49] [main/INFO] (FabricLoader/Mixin) Compatibility level set to JAVA_16
[19:11:49] [main/INFO] (FabricLoader/Mixin) Compatibility level set to JAVA_17
[19:11:58] [main/INFO] (villagepillagearise) Registering Mod items for villagepillagearise
[19:11:58] [main/INFO] (villagepillagearise) Registering Mod blocks for villagepillagearise
[19:11:58] [main/INFO] (villagepillagearise) Registering Paintings for villagepillagearise
[19:11:59] [main/INFO] (FabricDataGenHelper) Running data generator for villagepillagearise
[19:11:59] [main/INFO] (Minecraft) Starting provider: Village & Pillage Arise/Model Definitions
[19:11:59] [main/INFO] (Minecraft) Village & Pillage Arise/Model Definitions finished after 111 ms
[19:11:59] [main/INFO] (Minecraft) Starting provider: Village & Pillage Arise/Tags for minecraft:block
[19:11:59] [main/INFO] (Minecraft) Village & Pillage Arise/Tags for minecraft:block finished after 275 ms
[19:11:59] [main/INFO] (Minecraft) Starting provider: Village & Pillage Arise/Tags for minecraft:item
[19:11:59] [main/INFO] (Minecraft) Village & Pillage Arise/Tags for minecraft:item finished after 2 ms
[19:11:59] [main/INFO] (Minecraft) Starting provider: Village & Pillage Arise/Recipes
[19:11:59] [main/INFO] (Minecraft) Village & Pillage Arise/Recipes finished after 65 ms
[19:11:59] [main/INFO] (Minecraft) All providers took: 457 ms
[19:11:59] [main/INFO] (Minecraft) Caching: total files: 205, old count: 202, new count: 206, removed stale: 0, written: 3
